<?xml version="1.0" encoding="UTF-8"?>
<!-- Generated by org.testng.reporters.JUnitXMLReporter -->
<testsuite ignored="0" hostname="ip-172-31-6-72" failures="0" tests="1" name="Command line test" time="0.247" errors="0" timestamp="23 Mar 2023 08:56:45 GMT">
  <testcase classname="test2.test2.App" name="@BeforeTest beforetest" time="0.223">
    <failure type="java.lang.IllegalStateException" message="The driver executable does not exist: /home/ubuntu/chromedriver">
      <![CDATA[java.lang.IllegalStateException: The driver executable does not exist: /home/ubuntu/chromedriver
at com.google.common.base.Preconditions.checkState(Preconditions.java:585)
at org.openqa.selenium.remote.service.DriverService.checkExecutable(DriverService.java:146)
at org.openqa.selenium.remote.service.DriverService.findExecutable(DriverService.java:141)
at org.openqa.selenium.chrome.ChromeDriverService.access$000(ChromeDriverService.java:35)
at org.openqa.selenium.chrome.ChromeDriverService$Builder.findDefaultExecutable(ChromeDriverService.java:159)
at org.openqa.selenium.remote.service.DriverService$Builder.build(DriverService.java:355)
at org.openqa.selenium.chrome.ChromeDriverService.createDefaultService(ChromeDriverService.java:94)
at org.openqa.selenium.chrome.ChromeDriver.<init>(ChromeDriver.java:157)
at test2.test2.App.beforetest(App.java:27)
at test2.test2.App.main(App.java:55)
at org.eclipse.jdt.internal.jarinjarloader.JarRsrcLoader.main(JarRsrcLoader.java:61)
... Removed 25 stack frames]]>
    </failure>
  </testcase> <!-- @BeforeTest beforetest -->
  <testcase classname="test2.test2.App" name="@BeforeMethod open" time="0.0">
    <skipped/>
  </testcase> <!-- @BeforeMethod open -->
  <testcase classname="test2.test2.App" name="@AfterClass close" time="0.0">
    <skipped/>
  </testcase> <!-- @AfterClass close -->
  <testcase classname="test2.test2.App" name="test" time="0.0">
    <skipped/>
  </testcase> <!-- test -->
</testsuite> <!-- Command line test -->
